<?xml version="1.0" encoding="UTF-8"?>
<!-- Generated by org.testng.reporters.JUnitXMLReporter -->
<testsuite ignored="0" hostname="LAPTOP-H91286KS" failures="0" tests="3" name="Default test" time="3.161" errors="0" timestamp="22 Sep 2024 17:01:52 GMT">
  <testcase classname="phase3project1.ReqResTest" name="GetAllEmployee" time="1.555"/>
  <testcase classname="phase3project1.ReqResTest" name="GetSingleEmployee" time="0.773"/>
  <testcase classname="phase3project1.ReqResTest" name="PostEmployee" time="0.816"/>
</testsuite> <!-- Default test -->
